<?xml version="1.0" encoding="utf-8"?><testsuites name="pytest tests"><testsuite name="pytest" errors="0" failures="0" skipped="0" tests="2" time="0.011" timestamp="2026-09-13T11:32:19.104676+07:00" hostname="Admin"><testcase classname="tests.m1.p0.test_environment_manifest" name="test_environment_manifest_matches_locked_bootstrap" time="0.001" /><testcase classname="tests.m1.p0.test_environment_manifest" name="test_environment_manifest_contains_successful_postgresql_preflight" time="0.000" /></testsuite></testsuites>