<?xml version="1.0" encoding="utf-8"?><testsuites name="pytest tests"><testsuite name="pytest" errors="0" failures="0" skipped="0" tests="7" time="0.053" timestamp="2026-09-13T11:36:30.203399+07:00" hostname="Admin"><testcase classname="tests.m1.p0.test_environment_capture" name="test_capture_rejects_observed_version_mismatch" time="0.008" /><testcase classname="tests.m1.p0.test_environment_capture" name="test_capture_rejects_secret_like_keys" time="0.002" /><testcase classname="tests.m1.p0.test_environment_manifest" name="test_environment_manifest_matches_locked_bootstrap" time="0.001" /><testcase classname="tests.m1.p0.test_environment_manifest" name="test_environment_manifest_contains_successful_postgresql_preflight" time="0.001" /><testcase classname="tests.m1.p0.test_environment_validation" name="test_validator_accepts_untampered_environment_manifest" time="0.001" /><testcase classname="tests.m1.p0.test_environment_validation" name="test_validator_rejects_tampered_bootstrap_hash" time="0.002" /><testcase classname="tests.m1.p0.test_environment_validation" name="test_validator_rejects_tampered_locked_section" time="0.002" /></testsuite></testsuites>