<?xml version="1.0" encoding="utf-8"?><testsuites name="pytest tests"><testsuite name="pytest" errors="0" failures="0" skipped="0" tests="18" time="1.295" timestamp="2026-09-13T11:53:50.751122+07:00" hostname="Admin"><testcase classname="tests.m1.p1.test_command_semantics" name="test_duplicate_command_returns_same_receipt_and_one_mutation" time="0.133" /><testcase classname="tests.m1.p1.test_command_semantics" name="test_concurrent_duplicate_commands_commit_only_once" time="0.042" /><testcase classname="tests.m1.p1.test_command_semantics" name="test_reused_idempotency_key_with_different_payload_is_rejected" time="0.040" /><testcase classname="tests.m1.p1.test_command_semantics" name="test_mutation_and_outbox_roll_back_together_at_crash_boundary" time="0.034" /><testcase classname="tests.m1.p1.test_completion_uow" name="test_completion_uow_is_atomic_at_every_crash_boundary[after_ledger]" time="0.061" /><testcase classname="tests.m1.p1.test_completion_uow" name="test_completion_uow_is_atomic_at_every_crash_boundary[after_job]" time="0.058" /><testcase classname="tests.m1.p1.test_completion_uow" name="test_completion_uow_is_atomic_at_every_crash_boundary[after_capacity]" time="0.061" /><testcase classname="tests.m1.p1.test_completion_uow" name="test_completion_uow_is_atomic_at_every_crash_boundary[after_variant]" time="0.061" /><testcase classname="tests.m1.p1.test_completion_uow" name="test_completion_uow_is_atomic_at_every_crash_boundary[after_media_usage]" time="0.061" /><testcase classname="tests.m1.p1.test_completion_uow" name="test_completion_uow_is_atomic_at_every_crash_boundary[after_outbox]" time="0.065" /><testcase classname="tests.m1.p1.test_completion_uow" name="test_completion_uow_is_atomic_at_every_crash_boundary[after_cleanup_eligibility]" time="0.078" /><testcase classname="tests.m1.p1.test_completion_uow" name="test_lost_ack_and_duplicate_completion_return_one_committed_result" time="0.059" /><testcase classname="tests.m1.p1.test_outbox_delivery" name="test_dispatch_crash_before_checkpoint_is_recovered_by_consumer_dedupe" time="0.076" /><testcase classname="tests.m1.p1.test_recovery_semantics" name="test_duplicate_and_reordered_events_do_not_repeat_projection_side_effect" time="0.054" /><testcase classname="tests.m1.p1.test_recovery_semantics" name="test_lost_ack_after_commit_returns_existing_receipt" time="0.059" /><testcase classname="tests.m1.p1.test_recovery_semantics" name="test_stale_generation_or_recovery_epoch_cannot_commit_result" time="0.057" /><testcase classname="tests.m1.p1.test_recovery_semantics" name="test_unknown_external_outcome_requires_reconciliation_before_retry" time="0.059" /><testcase classname="tests.m1.p1.test_recovery_semantics" name="test_sensitive_input_is_rejected_without_persistence_or_echo" time="0.023" /></testsuite></testsuites>