<?xml version="1.0" encoding="utf-8"?><testsuites name="pytest tests"><testsuite name="pytest" errors="0" failures="0" skipped="0" tests="5" time="0.467" timestamp="2026-09-13T11:48:16.087208+07:00" hostname="Admin"><testcase classname="tests.m1.p1.test_recovery_semantics" name="test_duplicate_and_reordered_events_do_not_repeat_projection_side_effect" time="0.157" /><testcase classname="tests.m1.p1.test_recovery_semantics" name="test_lost_ack_after_commit_returns_existing_receipt" time="0.083" /><testcase classname="tests.m1.p1.test_recovery_semantics" name="test_stale_generation_or_recovery_epoch_cannot_commit_result" time="0.033" /><testcase classname="tests.m1.p1.test_recovery_semantics" name="test_unknown_external_outcome_requires_reconciliation_before_retry" time="0.087" /><testcase classname="tests.m1.p1.test_recovery_semantics" name="test_sensitive_input_is_rejected_without_persistence_or_echo" time="0.042" /></testsuite></testsuites>