<?xml version="1.0" encoding="utf-8"?><testsuites name="pytest tests"><testsuite name="pytest" errors="0" failures="0" skipped="0" tests="8" time="0.932" timestamp="2026-09-13T11:52:26.005835+07:00" hostname="Admin"><testcase classname="tests.m1.p1.test_completion_uow" name="test_completion_uow_is_atomic_at_every_crash_boundary[after_ledger]" time="0.163" /><testcase classname="tests.m1.p1.test_completion_uow" name="test_completion_uow_is_atomic_at_every_crash_boundary[after_job]" time="0.096" /><testcase classname="tests.m1.p1.test_completion_uow" name="test_completion_uow_is_atomic_at_every_crash_boundary[after_capacity]" time="0.120" /><testcase classname="tests.m1.p1.test_completion_uow" name="test_completion_uow_is_atomic_at_every_crash_boundary[after_variant]" time="0.065" /><testcase classname="tests.m1.p1.test_completion_uow" name="test_completion_uow_is_atomic_at_every_crash_boundary[after_media_usage]" time="0.125" /><testcase classname="tests.m1.p1.test_completion_uow" name="test_completion_uow_is_atomic_at_every_crash_boundary[after_outbox]" time="0.091" /><testcase classname="tests.m1.p1.test_completion_uow" name="test_completion_uow_is_atomic_at_every_crash_boundary[after_cleanup_eligibility]" time="0.100" /><testcase classname="tests.m1.p1.test_completion_uow" name="test_lost_ack_and_duplicate_completion_return_one_committed_result" time="0.110" /></testsuite></testsuites>