<?xml version="1.0" encoding="utf-8"?><testsuites name="pytest tests"><testsuite name="pytest" errors="0" failures="0" skipped="0" tests="3" time="0.428" timestamp="2026-09-13T11:44:00.051790+07:00" hostname="Admin"><testcase classname="tests.m1.p1.test_command_semantics" name="test_duplicate_command_returns_same_receipt_and_one_mutation" time="0.274" /><testcase classname="tests.m1.p1.test_command_semantics" name="test_reused_idempotency_key_with_different_payload_is_rejected" time="0.050" /><testcase classname="tests.m1.p1.test_command_semantics" name="test_mutation_and_outbox_roll_back_together_at_crash_boundary" time="0.052" /></testsuite></testsuites>