<?xml version="1.0" encoding="utf-8"?><testsuites name="pytest tests"><testsuite name="pytest" errors="0" failures="5" skipped="0" tests="5" time="0.276" timestamp="2026-09-13T11:45:07.346521+07:00" hostname="Admin"><testcase classname="tests.m1.p1.test_recovery_semantics" name="test_duplicate_and_reordered_events_do_not_repeat_projection_side_effect" time="0.083"><failure message="AssertionError: P1 recovery API is not implemented: DomainEvent, EventGap&#10;assert not ['DomainEvent', 'EventGap']">def test_duplicate_and_reordered_events_do_not_repeat_projection_side_effect() -&gt; None:
        prepare_database()
        module = load_contract_module()
&gt;       require_api(module, "DomainEvent", "EventGap")

tests\m1\p1\test_recovery_semantics.py:48: 
_ _ _ _ _ _ _ _ _ _ _ _ _ _ _ _ _ _ _ _ _ _ _ _ _ _ _ _ _ _ _ _ _ _ _ _ _ _ _ _

module = &lt;module 'm1proof.contracts' from 'D:\\AI Auto Video Creator\\src\\m1proof\\contracts.py'&gt;
names = ('DomainEvent', 'EventGap')

    def require_api(module, *names: str) -&gt; None:
        missing = [name for name in names if not hasattr(module, name)]
&gt;       assert not missing, f"P1 recovery API is not implemented: {', '.join(missing)}"
E       AssertionError: P1 recovery API is not implemented: DomainEvent, EventGap
E       assert not ['DomainEvent', 'EventGap']

tests\m1\p1\test_recovery_semantics.py:29: AssertionError</failure></testcase><testcase classname="tests.m1.p1.test_recovery_semantics" name="test_lost_ack_after_commit_returns_existing_receipt" time="0.014"><failure message="AssertionError: P1 recovery API is not implemented: OutcomeUnknown&#10;assert not ['OutcomeUnknown']">def test_lost_ack_after_commit_returns_existing_receipt() -&gt; None:
        prepare_database()
        module = load_contract_module()
&gt;       require_api(module, "OutcomeUnknown")

tests\m1\p1\test_recovery_semantics.py:88: 
_ _ _ _ _ _ _ _ _ _ _ _ _ _ _ _ _ _ _ _ _ _ _ _ _ _ _ _ _ _ _ _ _ _ _ _ _ _ _ _

module = &lt;module 'm1proof.contracts' from 'D:\\AI Auto Video Creator\\src\\m1proof\\contracts.py'&gt;
names = ('OutcomeUnknown',)

    def require_api(module, *names: str) -&gt; None:
        missing = [name for name in names if not hasattr(module, name)]
&gt;       assert not missing, f"P1 recovery API is not implemented: {', '.join(missing)}"
E       AssertionError: P1 recovery API is not implemented: OutcomeUnknown
E       assert not ['OutcomeUnknown']

tests\m1\p1\test_recovery_semantics.py:29: AssertionError</failure></testcase><testcase classname="tests.m1.p1.test_recovery_semantics" name="test_stale_generation_or_recovery_epoch_cannot_commit_result" time="0.039"><failure message="AssertionError: P1 recovery API is not implemented: ActivityCommit, StaleExecution&#10;assert not ['ActivityCommit', 'StaleExecution']">def test_stale_generation_or_recovery_epoch_cannot_commit_result() -&gt; None:
        prepare_database()
        module = load_contract_module()
&gt;       require_api(module, "ActivityCommit", "StaleExecution")

tests\m1\p1\test_recovery_semantics.py:113: 
_ _ _ _ _ _ _ _ _ _ _ _ _ _ _ _ _ _ _ _ _ _ _ _ _ _ _ _ _ _ _ _ _ _ _ _ _ _ _ _

module = &lt;module 'm1proof.contracts' from 'D:\\AI Auto Video Creator\\src\\m1proof\\contracts.py'&gt;
names = ('ActivityCommit', 'StaleExecution')

    def require_api(module, *names: str) -&gt; None:
        missing = [name for name in names if not hasattr(module, name)]
&gt;       assert not missing, f"P1 recovery API is not implemented: {', '.join(missing)}"
E       AssertionError: P1 recovery API is not implemented: ActivityCommit, StaleExecution
E       assert not ['ActivityCommit', 'StaleExecution']

tests\m1\p1\test_recovery_semantics.py:29: AssertionError</failure></testcase><testcase classname="tests.m1.p1.test_recovery_semantics" name="test_unknown_external_outcome_requires_reconciliation_before_retry" time="0.014"><failure message="AssertionError: P1 recovery API is not implemented: ExternalOperationRequest, ReconciliationRequired&#10;assert not ['ExternalOperationRequest', 'ReconciliationRequired']">def test_unknown_external_outcome_requires_reconciliation_before_retry() -&gt; None:
        prepare_database()
        module = load_contract_module()
&gt;       require_api(module, "ExternalOperationRequest", "ReconciliationRequired")

tests\m1\p1\test_recovery_semantics.py:146: 
_ _ _ _ _ _ _ _ _ _ _ _ _ _ _ _ _ _ _ _ _ _ _ _ _ _ _ _ _ _ _ _ _ _ _ _ _ _ _ _

module = &lt;module 'm1proof.contracts' from 'D:\\AI Auto Video Creator\\src\\m1proof\\contracts.py'&gt;
names = ('ExternalOperationRequest', 'ReconciliationRequired')

    def require_api(module, *names: str) -&gt; None:
        missing = [name for name in names if not hasattr(module, name)]
&gt;       assert not missing, f"P1 recovery API is not implemented: {', '.join(missing)}"
E       AssertionError: P1 recovery API is not implemented: ExternalOperationRequest, ReconciliationRequired
E       assert not ['ExternalOperationRequest', 'ReconciliationRequired']

tests\m1\p1\test_recovery_semantics.py:29: AssertionError</failure></testcase><testcase classname="tests.m1.p1.test_recovery_semantics" name="test_sensitive_input_is_rejected_without_persistence_or_echo" time="0.014"><failure message="AssertionError: P1 recovery API is not implemented: SensitiveDataRejected&#10;assert not ['SensitiveDataRejected']">def test_sensitive_input_is_rejected_without_persistence_or_echo() -&gt; None:
        prepare_database()
        module = load_contract_module()
&gt;       require_api(module, "SensitiveDataRejected")

tests\m1\p1\test_recovery_semantics.py:176: 
_ _ _ _ _ _ _ _ _ _ _ _ _ _ _ _ _ _ _ _ _ _ _ _ _ _ _ _ _ _ _ _ _ _ _ _ _ _ _ _

module = &lt;module 'm1proof.contracts' from 'D:\\AI Auto Video Creator\\src\\m1proof\\contracts.py'&gt;
names = ('SensitiveDataRejected',)

    def require_api(module, *names: str) -&gt; None:
        missing = [name for name in names if not hasattr(module, name)]
&gt;       assert not missing, f"P1 recovery API is not implemented: {', '.join(missing)}"
E       AssertionError: P1 recovery API is not implemented: SensitiveDataRejected
E       assert not ['SensitiveDataRejected']

tests\m1\p1\test_recovery_semantics.py:29: AssertionError</failure></testcase></testsuite></testsuites>