<?xml version="1.0" encoding="utf-8"?><testsuites name="pytest tests"><testsuite name="pytest" errors="0" failures="0" skipped="0" tests="25" time="1.684" timestamp="2026-09-13T11:57:34.632364+07:00" hostname="Admin"><testcase classname="tests.m1.p0.test_environment_capture" name="test_capture_rejects_observed_version_mismatch" time="0.005" /><testcase classname="tests.m1.p0.test_environment_capture" name="test_capture_rejects_secret_like_keys" time="0.002" /><testcase classname="tests.m1.p0.test_environment_manifest" name="test_environment_manifest_matches_locked_bootstrap" time="0.000" /><testcase classname="tests.m1.p0.test_environment_manifest" name="test_environment_manifest_contains_successful_postgresql_preflight" time="0.000" /><testcase classname="tests.m1.p0.test_environment_validation" name="test_validator_accepts_untampered_environment_manifest" time="0.001" /><testcase classname="tests.m1.p0.test_environment_validation" name="test_validator_rejects_tampered_bootstrap_hash" time="0.002" /><testcase classname="tests.m1.p0.test_environment_validation" name="test_validator_rejects_tampered_locked_section" time="0.002" /><testcase classname="tests.m1.p1.test_command_semantics" name="test_duplicate_command_returns_same_receipt_and_one_mutation" time="0.138" /><testcase classname="tests.m1.p1.test_command_semantics" name="test_concurrent_duplicate_commands_commit_only_once" time="0.040" /><testcase classname="tests.m1.p1.test_command_semantics" name="test_reused_idempotency_key_with_different_payload_is_rejected" time="0.038" /><testcase classname="tests.m1.p1.test_command_semantics" name="test_mutation_and_outbox_roll_back_together_at_crash_boundary" time="0.063" /><testcase classname="tests.m1.p1.test_completion_uow" name="test_completion_uow_is_atomic_at_every_crash_boundary[after_ledger]" time="0.058" /><testcase classname="tests.m1.p1.test_completion_uow" name="test_completion_uow_is_atomic_at_every_crash_boundary[after_job]" time="0.099" /><testcase classname="tests.m1.p1.test_completion_uow" name="test_completion_uow_is_atomic_at_every_crash_boundary[after_capacity]" time="0.111" /><testcase classname="tests.m1.p1.test_completion_uow" name="test_completion_uow_is_atomic_at_every_crash_boundary[after_variant]" time="0.145" /><testcase classname="tests.m1.p1.test_completion_uow" name="test_completion_uow_is_atomic_at_every_crash_boundary[after_media_usage]" time="0.097" /><testcase classname="tests.m1.p1.test_completion_uow" name="test_completion_uow_is_atomic_at_every_crash_boundary[after_outbox]" time="0.117" /><testcase classname="tests.m1.p1.test_completion_uow" name="test_completion_uow_is_atomic_at_every_crash_boundary[after_cleanup_eligibility]" time="0.097" /><testcase classname="tests.m1.p1.test_completion_uow" name="test_lost_ack_and_duplicate_completion_return_one_committed_result" time="0.101" /><testcase classname="tests.m1.p1.test_outbox_delivery" name="test_dispatch_crash_before_checkpoint_is_recovered_by_consumer_dedupe" time="0.123" /><testcase classname="tests.m1.p1.test_recovery_semantics" name="test_duplicate_and_reordered_events_do_not_repeat_projection_side_effect" time="0.086" /><testcase classname="tests.m1.p1.test_recovery_semantics" name="test_lost_ack_after_commit_returns_existing_receipt" time="0.051" /><testcase classname="tests.m1.p1.test_recovery_semantics" name="test_stale_generation_or_recovery_epoch_cannot_commit_result" time="0.077" /><testcase classname="tests.m1.p1.test_recovery_semantics" name="test_unknown_external_outcome_requires_reconciliation_before_retry" time="0.121" /><testcase classname="tests.m1.p1.test_recovery_semantics" name="test_sensitive_input_is_rejected_without_persistence_or_echo" time="0.038" /></testsuite></testsuites>